<?xml version="1.0" encoding="UTF-8"?>
<!-- Generated by org.testng.reporters.JUnitReportReporter -->
<testsuite skipped="0" hostname="LAPTOP-R2V2MCT2" name="Test1.Test1.Test1" tests="1" failures="0" timestamp="2021-09-25T13:38:49 EDT" time="0.010" errors="0">
  <testcase name="test" time="0.010" classname="Test1.Test1.Test1"/>
  <system-out/>
</testsuite> <!-- Test1.Test1.Test1 -->
